SF:lib/src/open_meteo_api_client.dart
DA:15,0
DA:16,0
DA:23,0
DA:24,0
DA:27,0
DA:30,0
DA:32,0
DA:33,0
DA:36,0
DA:38,0
DA:40,0
DA:42,0
DA:44,0
DA:47,0
DA:51,0
DA:52,0
DA:53,0
DA:57,0
DA:59,0
DA:60,0
DA:63,0
DA:65,0
DA:66,0
DA:69,0
DA:71,0
LF:25
LH:0
end_of_record
SF:lib/src/models/location.dart
DA:7,1
DA:14,1
DA:15,1
LF:3
LH:3
end_of_record
SF:lib/src/models/location.g.dart
DA:11,2
DA:14,1
DA:15,1
DA:16,3
DA:17,2
DA:18,3
DA:19,3
LF:7
LH:7
end_of_record
SF:lib/src/models/weather.dart
DA:7,1
DA:12,1
DA:13,1
LF:3
LH:3
end_of_record
SF:lib/src/models/weather.g.dart
DA:11,2
DA:14,1
DA:15,1
DA:17,3
DA:19,3
LF:5
LH:5
end_of_record
